C:\Program Files\Microsoft Visual Studio\2022\Community\MSBuild\Microsoft\VC\v170\Microsoft.CppBuild.targets(531,5): warning MSB8028: 中间目录(x64\Debug\)包含从另一个项目(myfirst_project.vcxproj)共享的文件。   这会导致错误的清除和重新生成行为。
  project3.cpp
C:\Users\s611g\Desktop\工作办公\计算机图形学\all projects\project4-34\project3.cpp(30,11): warning C4305: “初始化”: 从“double”到“float”截断
C:\Users\s611g\Desktop\工作办公\计算机图形学\all projects\project4-34\project3.cpp(30,22): warning C4305: “初始化”: 从“double”到“float”截断
C:\Users\s611g\Desktop\工作办公\计算机图形学\all projects\project4-34\project3.cpp(31,36): warning C4305: “初始化”: 从“double”到“float”截断
C:\Users\s611g\Desktop\工作办公\计算机图形学\all projects\project4-34\project3.cpp(119,24): warning C4305: “参数”: 从“double”到“GLfloat”截断
C:\Users\s611g\Desktop\工作办公\计算机图形学\all projects\project4-34\project3.cpp(119,19): warning C4305: “参数”: 从“double”到“GLfloat”截断
C:\Users\s611g\Desktop\工作办公\计算机图形学\all projects\project4-34\project3.cpp(119,14): warning C4305: “参数”: 从“double”到“GLfloat”截断
C:\Users\s611g\Desktop\工作办公\计算机图形学\all projects\project4-34\project3.cpp(121,25): warning C4305: “参数”: 从“double”到“GLfloat”截断
C:\Users\s611g\Desktop\工作办公\计算机图形学\all projects\project4-34\project3.cpp(121,20): warning C4305: “参数”: 从“double”到“GLfloat”截断
C:\Users\s611g\Desktop\工作办公\计算机图形学\all projects\project4-34\project3.cpp(121,15): warning C4305: “参数”: 从“double”到“GLfloat”截断
C:\Users\s611g\Desktop\工作办公\计算机图形学\all projects\project4-34\project3.cpp(122,34): warning C4244: “参数”: 从“float”转换到“GLint”，可能丢失数据
C:\Users\s611g\Desktop\工作办公\计算机图形学\all projects\project4-34\project3.cpp(122,27): warning C4244: “参数”: 从“float”转换到“GLint”，可能丢失数据
C:\Users\s611g\Desktop\工作办公\计算机图形学\all projects\project4-34\project3.cpp(173,18): warning C4305: “+=”: 从“double”到“float”截断
C:\Users\s611g\Desktop\工作办公\计算机图形学\all projects\project4-34\project3.cpp(176,18): warning C4305: “-=”: 从“double”到“float”截断
C:\Users\s611g\Desktop\工作办公\计算机图形学\all projects\project4-34\project3.cpp(179,18): warning C4305: “-=”: 从“double”到“float”截断
C:\Users\s611g\Desktop\工作办公\计算机图形学\all projects\project4-34\project3.cpp(182,18): warning C4305: “+=”: 从“double”到“float”截断
C:\Users\s611g\Desktop\工作办公\计算机图形学\all projects\project4-34\project3.cpp(185,18): warning C4305: “+=”: 从“double”到“float”截断
C:\Users\s611g\Desktop\工作办公\计算机图形学\all projects\project4-34\project3.cpp(188,18): warning C4305: “-=”: 从“double”到“float”截断
  源.cpp
  正在生成代码...
  myfirst_project.vcxproj -> C:\Users\s611g\Desktop\工作办公\计算机图形学\all projects\project4-34\x64\Debug\project3.exe
  'pwsh.exe' 不是内部或外部命令，也不是可运行的程序
  或批处理文件。
